0 info it worked if it ends with ok
1 verbose cli [ '/usr/bin/node', '/usr/bin/npm', 'run', 'start' ]
2 info using npm@3.5.2
3 info using node@v8.10.0
4 verbose run-script [ 'prestart', 'start', 'poststart' ]
5 info lifecycle ui@0.1.0~prestart: ui@0.1.0
6 silly lifecycle ui@0.1.0~prestart: no script for prestart, continuing
7 info lifecycle ui@0.1.0~start: ui@0.1.0
8 verbose lifecycle ui@0.1.0~start: unsafe-perm in lifecycle true
9 verbose lifecycle ui@0.1.0~start: PATH: /usr/share/npm/bin/node-gyp-bin:/home/seungmin/ncgo/ui/node_modules/.bin:/usr/local/sbin:/usr/local/bin:/usr/sbin:/usr/bin:/sbin:/bin:/usr/games:/usr/local/games:/mnt/c/Program Files/WindowsApps/CanonicalGroupLimited.Ubuntu18.04onWindows_1804.2020.824.0_x64__79rhkp1fndgsc:/mnt/d/AndroidSdk/platform-tools:/mnt/c/Program Files/Microsoft VS Code/bin:/mnt/d/Git/cmd:/mnt/c/WINDOWS/system32:/mnt/c/WINDOWS:/mnt/c/WINDOWS/System32/Wbem:/mnt/c/WINDOWS/System32/WindowsPowerShell/v1.0/:/mnt/c/WINDOWS/System32/OpenSSH/:/mnt/d/:/mnt/c/Users/s4747/AppData/Local/Programs/Python/Python38/Scripts/:/mnt/c/Users/s4747/AppData/Local/Programs/Python/Python38/:/mnt/c/Users/s4747/AppData/Local/Microsoft/WindowsApps:/mnt/c/Program Files (x86)/mingw-w64/i686-8.1.0-posix-dwarf-rt_v6-rev0/mingw32/bin:/snap/bin:/usr/local/go/bin:/usr/local/go/bin
10 verbose lifecycle ui@0.1.0~start: CWD: /home/seungmin/ncgo/ui
11 silly lifecycle ui@0.1.0~start: Args: [ '-c', 'node scripts/start.js' ]
12 silly lifecycle ui@0.1.0~start: Returned: code: 1  signal: null
13 info lifecycle ui@0.1.0~start: Failed to exec start script
14 verbose stack Error: ui@0.1.0 start: `node scripts/start.js`
14 verbose stack Exit status 1
14 verbose stack     at EventEmitter.<anonymous> (/usr/share/npm/lib/utils/lifecycle.js:232:16)
14 verbose stack     at emitTwo (events.js:126:13)
14 verbose stack     at EventEmitter.emit (events.js:214:7)
14 verbose stack     at ChildProcess.<anonymous> (/usr/share/npm/lib/utils/spawn.js:24:14)
14 verbose stack     at emitTwo (events.js:126:13)
14 verbose stack     at ChildProcess.emit (events.js:214:7)
14 verbose stack     at maybeClose (internal/child_process.js:925:16)
14 verbose stack     at Process.ChildProcess._handle.onexit (internal/child_process.js:209:5)
15 verbose pkgid ui@0.1.0
16 verbose cwd /home/seungmin/ncgo/ui
17 error Linux 5.4.72-microsoft-standard-WSL2
18 error argv "/usr/bin/node" "/usr/bin/npm" "run" "start"
19 error node v8.10.0
20 error npm  v3.5.2
21 error code ELIFECYCLE
22 error ui@0.1.0 start: `node scripts/start.js`
22 error Exit status 1
23 error Failed at the ui@0.1.0 start script 'node scripts/start.js'.
23 error Make sure you have the latest version of node.js and npm installed.
23 error If you do, this is most likely a problem with the ui package,
23 error not with npm itself.
23 error Tell the author that this fails on your system:
23 error     node scripts/start.js
23 error You can get information on how to open an issue for this project with:
23 error     npm bugs ui
23 error Or if that isn't available, you can get their info via:
23 error     npm owner ls ui
23 error There is likely additional logging output above.
24 verbose exit [ 1, true ]
